  315309483_PROYECTOLAB_GPO04.cpp
C:\Users\sanndy99\Desktop\REPOSITORIO\315309483_PROYECTO_GRUPO04\ProyectoFinal\ProyectoFinal\315309483_PROYECTOLAB_GPO04.cpp(183,30): warning C4244: 'inicializando': conversión de 'double' a 'GLfloat'; posible pérdida de datos
C:\Users\sanndy99\Desktop\REPOSITORIO\315309483_PROYECTO_GRUPO04\ProyectoFinal\ProyectoFinal\315309483_PROYECTOLAB_GPO04.cpp(156,38): warning C4101: 'nrChannels': variable local sin referencia
C:\Users\sanndy99\Desktop\REPOSITORIO\315309483_PROYECTO_GRUPO04\ProyectoFinal\ProyectoFinal\315309483_PROYECTOLAB_GPO04.cpp(156,9): warning C4101: 'textureWidth': variable local sin referencia
C:\Users\sanndy99\Desktop\REPOSITORIO\315309483_PROYECTO_GRUPO04\ProyectoFinal\ProyectoFinal\315309483_PROYECTOLAB_GPO04.cpp(158,20): warning C4101: 'image': variable local sin referencia
C:\Users\sanndy99\Desktop\REPOSITORIO\315309483_PROYECTO_GRUPO04\ProyectoFinal\ProyectoFinal\315309483_PROYECTOLAB_GPO04.cpp(156,23): warning C4101: 'textureHeight': variable local sin referencia
C:\Users\sanndy99\Desktop\REPOSITORIO\315309483_PROYECTO_GRUPO04\ProyectoFinal\ProyectoFinal\315309483_PROYECTOLAB_GPO04.cpp(329,23): warning C4305: '+=': truncamiento de 'double' a 'float'
C:\Users\sanndy99\Desktop\REPOSITORIO\315309483_PROYECTO_GRUPO04\ProyectoFinal\ProyectoFinal\315309483_PROYECTOLAB_GPO04.cpp(340,23): warning C4305: '-=': truncamiento de 'double' a 'float'
C:\Users\sanndy99\Desktop\REPOSITORIO\315309483_PROYECTO_GRUPO04\ProyectoFinal\ProyectoFinal\315309483_PROYECTOLAB_GPO04.cpp(384,17): warning C4244: '=': conversión de 'double' a 'GLfloat'; posible pérdida de datos
C:\Users\sanndy99\Desktop\REPOSITORIO\315309483_PROYECTO_GRUPO04\ProyectoFinal\ProyectoFinal\315309483_PROYECTOLAB_GPO04.cpp(385,17): warning C4244: '=': conversión de 'double' a 'GLfloat'; posible pérdida de datos
C:\Users\sanndy99\Desktop\REPOSITORIO\315309483_PROYECTO_GRUPO04\ProyectoFinal\ProyectoFinal\315309483_PROYECTOLAB_GPO04.cpp(389,21): warning C4244: 'inicializando': conversión de 'double' a 'GLfloat'; posible pérdida de datos
C:\Users\sanndy99\Desktop\REPOSITORIO\315309483_PROYECTO_GRUPO04\ProyectoFinal\ProyectoFinal\315309483_PROYECTOLAB_GPO04.cpp(390,21): warning C4244: 'inicializando': conversión de 'double' a 'GLfloat'; posible pérdida de datos
C:\Users\sanndy99\Desktop\REPOSITORIO\315309483_PROYECTO_GRUPO04\ProyectoFinal\ProyectoFinal\315309483_PROYECTOLAB_GPO04.cpp(392,13): warning C4244: '=': conversión de 'double' a 'GLfloat'; posible pérdida de datos
C:\Users\sanndy99\Desktop\REPOSITORIO\315309483_PROYECTO_GRUPO04\ProyectoFinal\ProyectoFinal\315309483_PROYECTOLAB_GPO04.cpp(393,13): warning C4244: '=': conversión de 'double' a 'GLfloat'; posible pérdida de datos
LINK : warning LNK4098: la biblioteca predeterminada'MSVCRT' entra en conflicto con otras bibliotecas; use la biblioteca /NODEFAULTLIB:biblioteca
soil2-debug.lib(etc1_utils.obj) : warning LNK4099: no se encontró PDB 'soil2-debug.pdb' con 'soil2-debug.lib(etc1_utils.obj)' o en 'C:\Users\sanndy99\Desktop\REPOSITORIO\315309483_PROYECTO_GRUPO04\ProyectoFinal\Debug\soil2-debug.pdb'; se vinculará el objeto sin tener en cuenta información de depuración
soil2-debug.lib(image_DXT.obj) : warning LNK4099: no se encontró PDB 'soil2-debug.pdb' con 'soil2-debug.lib(image_DXT.obj)' o en 'C:\Users\sanndy99\Desktop\REPOSITORIO\315309483_PROYECTO_GRUPO04\ProyectoFinal\Debug\soil2-debug.pdb'; se vinculará el objeto sin tener en cuenta información de depuración
soil2-debug.lib(image_helper.obj) : warning LNK4099: no se encontró PDB 'soil2-debug.pdb' con 'soil2-debug.lib(image_helper.obj)' o en 'C:\Users\sanndy99\Desktop\REPOSITORIO\315309483_PROYECTO_GRUPO04\ProyectoFinal\Debug\soil2-debug.pdb'; se vinculará el objeto sin tener en cuenta información de depuración
soil2-debug.lib(SOIL2.obj) : warning LNK4099: no se encontró PDB 'soil2-debug.pdb' con 'soil2-debug.lib(SOIL2.obj)' o en 'C:\Users\sanndy99\Desktop\REPOSITORIO\315309483_PROYECTO_GRUPO04\ProyectoFinal\Debug\soil2-debug.pdb'; se vinculará el objeto sin tener en cuenta información de depuración
  ProyectoFinal.vcxproj -> C:\Users\sanndy99\Desktop\REPOSITORIO\315309483_PROYECTO_GRUPO04\ProyectoFinal\Debug\ProyectoFinal.exe
